<?xml version="1.0" encoding="UTF-8"?>
<testsuite xmlns:xsi="http://www.w3.org/2001/XMLSchema-instance" xsi:noNamespaceSchemaLocation="https://maven.apache.org/surefire/maven-surefire-plugin/xsd/surefire-test-report.xsd" name="steps.RunTest" time="4.619" tests="6" errors="6" skipped="0" failures="0">
  <properties>
[...]
</properties>
  <testcase name="I want to login with correct credentials" classname="I want to test task six" time="2.559">
    <error message="create container: Error response from daemon: No such image: selenoid/vnc:chrome_75.0 (WARNING: The server did not provide any stacktrace information)&#10;Command duration or timeout: 390 milliseconds&#10;Build info: version: &apos;3.141.59&apos;, revision: &apos;e82be7d358&apos;, time: &apos;2018-11-14T08:17:03&apos;&#10;System info: host: &apos;DESKTOP-H92K9N4&apos;, ip: &apos;192.168.100.4&apos;, os.name: &apos;Windows 10&apos;, os.arch: &apos;amd64&apos;, os.version: &apos;10.0&apos;, java.version: &apos;14&apos;&#10;Driver info: driver.version: RemoteWebDriver" type="org.openqa.selenium.WebDriverException">org.openqa.selenium.WebDriverException: 
create container: Error response from daemon: No such image: selenoid/vnc:chrome_75.0 (WARNING: The server did not provide any stacktrace information)
Command duration or timeout: 390 milliseconds
Build info: version: '3.141.59', revision: 'e82be7d358', time: '2018-11-14T08:17:03'
System info: host: 'DESKTOP-H92K9N4', ip: '192.168.100.4', os.name: 'Windows 10', os.arch: 'amd64', os.version: '10.0', java.version: '14'
Driver info: driver.version: RemoteWebDriver
</error>
    <system-out><![CDATA[
Scenario: I want to login with correct credentials &amp#27;[90m# src/test/resources/test_six.reature.feature:3&amp#27;[0m
2020-11-23 22:39:47,605 [main] INFO  i.g.bonigarcia.wdm.WebDriverManager - Using chromedriver 87.0.4280.20 (since Google Chrome 87 is installed in your machine)
2020-11-23 22:39:47,636 [main] INFO  i.g.bonigarcia.wdm.WebDriverManager - Exporting webdriver.chrome.driver as C:\Users\Pavel\.m2\repository\webdriver\chromedriver\win32\87.0.4280.20\chromedriver.exe
      &amp#27;[31morg.openqa.selenium.WebDriverException: create container: Error response from daemon: No such image: selenoid/vnc:chrome_75.0 (WARNING: The server did not provide any stacktrace information)
Command duration or timeout: 390 milliseconds
Build info: version: '3.141.59', revision: 'e82be7d358', time: '2018-11-14T08:17:03'
System info: host: 'DESKTOP-H92K9N4', ip: '192.168.100.4', os.name: 'Windows 10', os.arch: 'amd64', os.version: '10.0', java.version: '14'
Driver info: driver.version: RemoteWebDriver
	at java.base/jdk.internal.reflect.NativeConstructorAccessorImpl.newInstance0(Native Method)
	at java.base/jdk.internal.reflect.NativeConstructorAccessorImpl.newInstance(NativeConstructorAccessorImpl.java:62)
	at java.base/jdk.internal.reflect.DelegatingConstructorAccessorImpl.newInstance(DelegatingConstructorAccessorImpl.java:45)
	at java.base/java.lang.reflect.Constructor.newInstanceWithCaller(Constructor.java:500)
	at java.base/java.lang.reflect.Constructor.newInstance(Constructor.java:481)
	at org.openqa.selenium.remote.ErrorHandler.createThrowable(ErrorHandler.java:214)
	at org.openqa.selenium.remote.ErrorHandler.throwIfResponseFailed(ErrorHandler.java:166)
	at org.openqa.selenium.remote.JsonWireProtocolResponse.lambda$errorHandler$0(JsonWireProtocolResponse.java:54)
	at org.openqa.selenium.remote.HandshakeResponse.lambda$getResponseFunction$0(HandshakeResponse.java:30)
	at org.openqa.selenium.remote.ProtocolHandshake.lambda$createSession$0(ProtocolHandshake.java:126)
	at java.base/java.util.stream.ReferencePipeline$3$1.accept(ReferencePipeline.java:195)
	at java.base/java.util.Spliterators$ArraySpliterator.tryAdvance(Spliterators.java:958)
	at java.base/java.util.stream.ReferencePipeline.forEachWithCancel(ReferencePipeline.java:127)
	at java.base/java.util.stream.AbstractPipeline.copyIntoWithCancel(AbstractPipeline.java:502)
	at java.base/java.util.stream.AbstractPipeline.copyInto(AbstractPipeline.java:488)
	at java.base/java.util.stream.AbstractPipeline.wrapAndCopyInto(AbstractPipeline.java:474)
	at java.base/java.util.stream.FindOps$FindOp.evaluateSequential(FindOps.java:150)
	at java.base/java.util.stream.AbstractPipeline.evaluate(AbstractPipeline.java:234)
	at java.base/java.util.stream.ReferencePipeline.findFirst(ReferencePipeline.java:543)
	at org.openqa.selenium.remote.ProtocolHandshake.createSession(ProtocolHandshake.java:128)
	at org.openqa.selenium.remote.ProtocolHandshake.createSession(ProtocolHandshake.java:74)
	at org.openqa.selenium.remote.HttpCommandExecutor.execute(HttpCommandExecutor.java:136)
	at org.openqa.selenium.remote.RemoteWebDriver.execute(RemoteWebDriver.java:552)
	at org.openqa.selenium.remote.RemoteWebDriver.startSession(RemoteWebDriver.java:213)
	at org.openqa.selenium.remote.RemoteWebDriver.<init>(RemoteWebDriver.java:131)
	at org.openqa.selenium.remote.RemoteWebDriver.<init>(RemoteWebDriver.java:144)
	at test.TestBase.start(TestBase.java:30)
	at steps.StepsDefinition.initialization(StepsDefinition.java:16)
&amp#27;[0m
  &amp#27;[36mGiven &amp#27;[0m&amp#27;[36mI go to main page&amp#27;[0m                          &amp#27;[90m# steps.StepsDefinition.iGoToMainPage()&amp#27;[0m
  &amp#27;[36mWhen &amp#27;[0m&amp#27;[36mI select &amp#27;[0m&amp#27;[36m&amp#27;[1m"6"&amp#27;[0m&amp#27;[36m task&amp#27;[0m                           &amp#27;[90m# steps.StepsDefinition.iSelectTask(java.lang.String)&amp#27;[0m
  &amp#27;[36mAnd &amp#27;[0m&amp#27;[36mI login as &amp#27;[0m&amp#27;[36m&amp#27;[1m"tester"&amp#27;[0m&amp#27;[36m with password &amp#27;[0m&amp#27;[36m&amp#27;[1m"123-xyz"&amp#27;[0m  &amp#27;[90m# steps.StepsDefinition.iLoginAsWithPassword(java.lang.String,java.lang.String)&amp#27;[0m
  &amp#27;[36mThen &amp#27;[0m&amp#27;[36mI should &amp#27;[0m&amp#27;[36m&amp#27;[1msee&amp#27;[0m&amp#27;[36m the link download file&amp#27;[0m         &amp#27;[90m# steps.StepsDefinition.iShouldSeeTheLinkDownloadFile(java.lang.String)&amp#27;[0m
      &amp#27;[31mjava.lang.IllegalStateException: No webdriver is bound to current thread: 1. You need to call open(url) first.
	at com.codeborne.selenide.impl.WebDriverThreadLocalContainer.getWebDriver(WebDriverThreadLocalContainer.java:121)
	at com.codeborne.selenide.WebDriverRunner.getWebDriver(WebDriverRunner.java:81)
	at test.TestBase.finish(TestBase.java:44)
	at steps.StepsDefinition.teardown(StepsDefinition.java:21)
&amp#27;[0m
]]></system-out>
    <system-err><![CDATA[[DelegatingClassLoader@6da21078] error at io\qameta\allure\aspects\StepsAspects.java::0 the @annotation pointcut expression is only supported at Java 5 compliance level or above
[DelegatingClassLoader@6da21078] error at io\qameta\allure\aspects\AttachmentsAspects.java::0 the @annotation pointcut expression is only supported at Java 5 compliance level or above
Nov 23, 2020 10:39:46 PM io.cucumber.junit.Cucumber <init>
WARNING: By default Cucumber is running in --non-strict mode.
This default will change to --strict and --non-strict will be removed.
You can use --strict or @CucumberOptions(strict = true) to suppress this warning
[DelegatingClassLoader@3468ee6e] error at io\qameta\allure\aspects\StepsAspects.java::0 the @annotation pointcut expression is only supported at Java 5 compliance level or above
[DelegatingClassLoader@3468ee6e] error at io\qameta\allure\aspects\AttachmentsAspects.java::0 the @annotation pointcut expression is only supported at Java 5 compliance level or above
Nov 23, 2020 10:39:47 PM org.openqa.selenium.remote.DesiredCapabilities chrome
INFO: Using `new ChromeOptions()` is preferred to `DesiredCapabilities.chrome()`
]]></system-err>
  </testcase>
  <testcase name="I want to login with correct credentials" classname="I want to test task six" time="2.56">
    <error message="No webdriver is bound to current thread: 1. You need to call open(url) first." type="java.lang.IllegalStateException">java.lang.IllegalStateException: No webdriver is bound to current thread: 1. You need to call open(url) first.
</error>
  </testcase>
  <testcase name="I want to login with wrong credentials" classname="I want to test task six" time="0.334">
    <error message="create container: Error response from daemon: No such image: selenoid/vnc:chrome_75.0 (WARNING: The server did not provide any stacktrace information)&#10;Command duration or timeout: 113 milliseconds&#10;Build info: version: &apos;3.141.59&apos;, revision: &apos;e82be7d358&apos;, time: &apos;2018-11-14T08:17:03&apos;&#10;System info: host: &apos;DESKTOP-H92K9N4&apos;, ip: &apos;192.168.100.4&apos;, os.name: &apos;Windows 10&apos;, os.arch: &apos;amd64&apos;, os.version: &apos;10.0&apos;, java.version: &apos;14&apos;&#10;Driver info: driver.version: RemoteWebDriver" type="org.openqa.selenium.WebDriverException">org.openqa.selenium.WebDriverException: 
create container: Error response from daemon: No such image: selenoid/vnc:chrome_75.0 (WARNING: The server did not provide any stacktrace information)
Command duration or timeout: 113 milliseconds
Build info: version: '3.141.59', revision: 'e82be7d358', time: '2018-11-14T08:17:03'
System info: host: 'DESKTOP-H92K9N4', ip: '192.168.100.4', os.name: 'Windows 10', os.arch: 'amd64', os.version: '10.0', java.version: '14'
Driver info: driver.version: RemoteWebDriver
</error>
    <system-out><![CDATA[
Scenario Outline: I want to login with wrong credentials &amp#27;[90m# src/test/resources/test_six.reature.feature:17&amp#27;[0m
2020-11-23 22:39:48,993 [main] INFO  i.g.bonigarcia.wdm.WebDriverManager - Using chromedriver 87.0.4280.20 (since Google Chrome 87 is installed in your machine)
2020-11-23 22:39:48,999 [main] INFO  i.g.bonigarcia.wdm.WebDriverManager - Exporting webdriver.chrome.driver as C:\Users\Pavel\.m2\repository\webdriver\chromedriver\win32\87.0.4280.20\chromedriver.exe
      &amp#27;[31morg.openqa.selenium.WebDriverException: create container: Error response from daemon: No such image: selenoid/vnc:chrome_75.0 (WARNING: The server did not provide any stacktrace information)
Command duration or timeout: 113 milliseconds
Build info: version: '3.141.59', revision: 'e82be7d358', time: '2018-11-14T08:17:03'
System info: host: 'DESKTOP-H92K9N4', ip: '192.168.100.4', os.name: 'Windows 10', os.arch: 'amd64', os.version: '10.0', java.version: '14'
Driver info: driver.version: RemoteWebDriver
	at java.base/jdk.internal.reflect.NativeConstructorAccessorImpl.newInstance0(Native Method)
	at java.base/jdk.internal.reflect.NativeConstructorAccessorImpl.newInstance(NativeConstructorAccessorImpl.java:62)
	at java.base/jdk.internal.reflect.DelegatingConstructorAccessorImpl.newInstance(DelegatingConstructorAccessorImpl.java:45)
	at java.base/java.lang.reflect.Constructor.newInstanceWithCaller(Constructor.java:500)
	at java.base/java.lang.reflect.Constructor.newInstance(Constructor.java:481)
	at org.openqa.selenium.remote.ErrorHandler.createThrowable(ErrorHandler.java:214)
	at org.openqa.selenium.remote.ErrorHandler.throwIfResponseFailed(ErrorHandler.java:166)
	at org.openqa.selenium.remote.JsonWireProtocolResponse.lambda$errorHandler$0(JsonWireProtocolResponse.java:54)
	at org.openqa.selenium.remote.HandshakeResponse.lambda$getResponseFunction$0(HandshakeResponse.java:30)
	at org.openqa.selenium.remote.ProtocolHandshake.lambda$createSession$0(ProtocolHandshake.java:126)
	at java.base/java.util.stream.ReferencePipeline$3$1.accept(ReferencePipeline.java:195)
	at java.base/java.util.Spliterators$ArraySpliterator.tryAdvance(Spliterators.java:958)
	at java.base/java.util.stream.ReferencePipeline.forEachWithCancel(ReferencePipeline.java:127)
	at java.base/java.util.stream.AbstractPipeline.copyIntoWithCancel(AbstractPipeline.java:502)
	at java.base/java.util.stream.AbstractPipeline.copyInto(AbstractPipeline.java:488)
	at java.base/java.util.stream.AbstractPipeline.wrapAndCopyInto(AbstractPipeline.java:474)
	at java.base/java.util.stream.FindOps$FindOp.evaluateSequential(FindOps.java:150)
	at java.base/java.util.stream.AbstractPipeline.evaluate(AbstractPipeline.java:234)
	at java.base/java.util.stream.ReferencePipeline.findFirst(ReferencePipeline.java:543)
	at org.openqa.selenium.remote.ProtocolHandshake.createSession(ProtocolHandshake.java:128)
	at org.openqa.selenium.remote.ProtocolHandshake.createSession(ProtocolHandshake.java:74)
	at org.openqa.selenium.remote.HttpCommandExecutor.execute(HttpCommandExecutor.java:136)
	at org.openqa.selenium.remote.RemoteWebDriver.execute(RemoteWebDriver.java:552)
	at org.openqa.selenium.remote.RemoteWebDriver.startSession(RemoteWebDriver.java:213)
	at org.openqa.selenium.remote.RemoteWebDriver.<init>(RemoteWebDriver.java:131)
	at org.openqa.selenium.remote.RemoteWebDriver.<init>(RemoteWebDriver.java:144)
	at test.TestBase.start(TestBase.java:30)
	at steps.StepsDefinition.initialization(StepsDefinition.java:16)
&amp#27;[0m
  &amp#27;[36mGiven &amp#27;[0m&amp#27;[36mI go to main page&amp#27;[0m                                &amp#27;[90m# steps.StepsDefinition.iGoToMainPage()&amp#27;[0m
  &amp#27;[36mWhen &amp#27;[0m&amp#27;[36mI select &amp#27;[0m&amp#27;[36m&amp#27;[1m"6"&amp#27;[0m&amp#27;[36m task&amp#27;[0m                                 &amp#27;[90m# steps.StepsDefinition.iSelectTask(java.lang.String)&amp#27;[0m
  &amp#27;[36mAnd &amp#27;[0m&amp#27;[36mI login as &amp#27;[0m&amp#27;[36m&amp#27;[1m"bugofnet"&amp#27;[0m&amp#27;[36m with password &amp#27;[0m&amp#27;[36m&amp#27;[1m""&amp#27;[0m             &amp#27;[90m# steps.StepsDefinition.iLoginAsWithPassword(java.lang.String,java.lang.String)&amp#27;[0m
  &amp#27;[36mThen &amp#27;[0m&amp#27;[36mI should &amp#27;[0m&amp#27;[36m&amp#27;[1mnot see&amp#27;[0m&amp#27;[36m the link download file&amp#27;[0m           &amp#27;[90m# steps.StepsDefinition.iShouldSeeTheLinkDownloadFile(java.lang.String)&amp#27;[0m
      &amp#27;[31mjava.lang.IllegalStateException: No webdriver is bound to current thread: 1. You need to call open(url) first.
	at com.codeborne.selenide.impl.WebDriverThreadLocalContainer.getWebDriver(WebDriverThreadLocalContainer.java:121)
	at com.codeborne.selenide.WebDriverRunner.getWebDriver(WebDriverRunner.java:81)
	at test.TestBase.finish(TestBase.java:44)
	at steps.StepsDefinition.teardown(StepsDefinition.java:21)
&amp#27;[0m
]]></system-out>
    <system-err><![CDATA[Nov 23, 2020 10:39:49 PM org.openqa.selenium.remote.DesiredCapabilities chrome
INFO: Using `new ChromeOptions()` is preferred to `DesiredCapabilities.chrome()`
]]></system-err>
  </testcase>
  <testcase name="I want to login with wrong credentials" classname="I want to test task six" time="0.334">
    <error message="No webdriver is bound to current thread: 1. You need to call open(url) first." type="java.lang.IllegalStateException">java.lang.IllegalStateException: No webdriver is bound to current thread: 1. You need to call open(url) first.
</error>
  </testcase>
  <testcase name="I want to login with wrong credentials" classname="I want to test task six" time="0.315">
    <error message="create container: Error response from daemon: No such image: selenoid/vnc:chrome_75.0 (WARNING: The server did not provide any stacktrace information)&#10;Command duration or timeout: 40 milliseconds&#10;Build info: version: &apos;3.141.59&apos;, revision: &apos;e82be7d358&apos;, time: &apos;2018-11-14T08:17:03&apos;&#10;System info: host: &apos;DESKTOP-H92K9N4&apos;, ip: &apos;192.168.100.4&apos;, os.name: &apos;Windows 10&apos;, os.arch: &apos;amd64&apos;, os.version: &apos;10.0&apos;, java.version: &apos;14&apos;&#10;Driver info: driver.version: RemoteWebDriver" type="org.openqa.selenium.WebDriverException">org.openqa.selenium.WebDriverException: 
create container: Error response from daemon: No such image: selenoid/vnc:chrome_75.0 (WARNING: The server did not provide any stacktrace information)
Command duration or timeout: 40 milliseconds
Build info: version: '3.141.59', revision: 'e82be7d358', time: '2018-11-14T08:17:03'
System info: host: 'DESKTOP-H92K9N4', ip: '192.168.100.4', os.name: 'Windows 10', os.arch: 'amd64', os.version: '10.0', java.version: '14'
Driver info: driver.version: RemoteWebDriver
</error>
    <system-out><![CDATA[
Scenario Outline: I want to login with wrong credentials &amp#27;[90m# src/test/resources/test_six.reature.feature:18&amp#27;[0m
2020-11-23 22:39:49,176 [main] INFO  i.g.bonigarcia.wdm.WebDriverManager - Using chromedriver 87.0.4280.20 (since Google Chrome 87 is installed in your machine)
2020-11-23 22:39:49,185 [main] INFO  i.g.bonigarcia.wdm.WebDriverManager - Exporting webdriver.chrome.driver as C:\Users\Pavel\.m2\repository\webdriver\chromedriver\win32\87.0.4280.20\chromedriver.exe
      &amp#27;[31morg.openqa.selenium.WebDriverException: create container: Error response from daemon: No such image: selenoid/vnc:chrome_75.0 (WARNING: The server did not provide any stacktrace information)
Command duration or timeout: 40 milliseconds
Build info: version: '3.141.59', revision: 'e82be7d358', time: '2018-11-14T08:17:03'
System info: host: 'DESKTOP-H92K9N4', ip: '192.168.100.4', os.name: 'Windows 10', os.arch: 'amd64', os.version: '10.0', java.version: '14'
Driver info: driver.version: RemoteWebDriver
	at java.base/jdk.internal.reflect.NativeConstructorAccessorImpl.newInstance0(Native Method)
	at java.base/jdk.internal.reflect.NativeConstructorAccessorImpl.newInstance(NativeConstructorAccessorImpl.java:62)
	at java.base/jdk.internal.reflect.DelegatingConstructorAccessorImpl.newInstance(DelegatingConstructorAccessorImpl.java:45)
	at java.base/java.lang.reflect.Constructor.newInstanceWithCaller(Constructor.java:500)
	at java.base/java.lang.reflect.Constructor.newInstance(Constructor.java:481)
	at org.openqa.selenium.remote.ErrorHandler.createThrowable(ErrorHandler.java:214)
	at org.openqa.selenium.remote.ErrorHandler.throwIfResponseFailed(ErrorHandler.java:166)
	at org.openqa.selenium.remote.JsonWireProtocolResponse.lambda$errorHandler$0(JsonWireProtocolResponse.java:54)
	at org.openqa.selenium.remote.HandshakeResponse.lambda$getResponseFunction$0(HandshakeResponse.java:30)
	at org.openqa.selenium.remote.ProtocolHandshake.lambda$createSession$0(ProtocolHandshake.java:126)
	at java.base/java.util.stream.ReferencePipeline$3$1.accept(ReferencePipeline.java:195)
	at java.base/java.util.Spliterators$ArraySpliterator.tryAdvance(Spliterators.java:958)
	at java.base/java.util.stream.ReferencePipeline.forEachWithCancel(ReferencePipeline.java:127)
	at java.base/java.util.stream.AbstractPipeline.copyIntoWithCancel(AbstractPipeline.java:502)
	at java.base/java.util.stream.AbstractPipeline.copyInto(AbstractPipeline.java:488)
	at java.base/java.util.stream.AbstractPipeline.wrapAndCopyInto(AbstractPipeline.java:474)
	at java.base/java.util.stream.FindOps$FindOp.evaluateSequential(FindOps.java:150)
	at java.base/java.util.stream.AbstractPipeline.evaluate(AbstractPipeline.java:234)
	at java.base/java.util.stream.ReferencePipeline.findFirst(ReferencePipeline.java:543)
	at org.openqa.selenium.remote.ProtocolHandshake.createSession(ProtocolHandshake.java:128)
	at org.openqa.selenium.remote.ProtocolHandshake.createSession(ProtocolHandshake.java:74)
	at org.openqa.selenium.remote.HttpCommandExecutor.execute(HttpCommandExecutor.java:136)
	at org.openqa.selenium.remote.RemoteWebDriver.execute(RemoteWebDriver.java:552)
	at org.openqa.selenium.remote.RemoteWebDriver.startSession(RemoteWebDriver.java:213)
	at org.openqa.selenium.remote.RemoteWebDriver.<init>(RemoteWebDriver.java:131)
	at org.openqa.selenium.remote.RemoteWebDriver.<init>(RemoteWebDriver.java:144)
	at test.TestBase.start(TestBase.java:30)
	at steps.StepsDefinition.initialization(StepsDefinition.java:16)
&amp#27;[0m
  &amp#27;[36mGiven &amp#27;[0m&amp#27;[36mI go to main page&amp#27;[0m                                &amp#27;[90m# steps.StepsDefinition.iGoToMainPage()&amp#27;[0m
  &amp#27;[36mWhen &amp#27;[0m&amp#27;[36mI select &amp#27;[0m&amp#27;[36m&amp#27;[1m"6"&amp#27;[0m&amp#27;[36m task&amp#27;[0m                                 &amp#27;[90m# steps.StepsDefinition.iSelectTask(java.lang.String)&amp#27;[0m
  &amp#27;[36mAnd &amp#27;[0m&amp#27;[36mI login as &amp#27;[0m&amp#27;[36m&amp#27;[1m""&amp#27;[0m&amp#27;[36m with password &amp#27;[0m&amp#27;[36m&amp#27;[1m"123456"&amp#27;[0m               &amp#27;[90m# steps.StepsDefinition.iLoginAsWithPassword(java.lang.String,java.lang.String)&amp#27;[0m
  &amp#27;[36mThen &amp#27;[0m&amp#27;[36mI should &amp#27;[0m&amp#27;[36m&amp#27;[1mnot see&amp#27;[0m&amp#27;[36m the link download file&amp#27;[0m           &amp#27;[90m# steps.StepsDefinition.iShouldSeeTheLinkDownloadFile(java.lang.String)&amp#27;[0m
      &amp#27;[31mjava.lang.IllegalStateException: No webdriver is bound to current thread: 1. You need to call open(url) first.
	at com.codeborne.selenide.impl.WebDriverThreadLocalContainer.getWebDriver(WebDriverThreadLocalContainer.java:121)
	at com.codeborne.selenide.WebDriverRunner.getWebDriver(WebDriverRunner.java:81)
	at test.TestBase.finish(TestBase.java:44)
	at steps.StepsDefinition.teardown(StepsDefinition.java:21)
&amp#27;[0m
]]></system-out>
    <system-err><![CDATA[[DelegatingClassLoader@1752e45c] error at io\qameta\allure\aspects\StepsAspects.java::0 the @annotation pointcut expression is only supported at Java 5 compliance level or above
[DelegatingClassLoader@1752e45c] error at io\qameta\allure\aspects\AttachmentsAspects.java::0 the @annotation pointcut expression is only supported at Java 5 compliance level or above
[DelegatingClassLoader@121ddca4] error at io\qameta\allure\aspects\StepsAspects.java::0 the @annotation pointcut expression is only supported at Java 5 compliance level or above
[DelegatingClassLoader@121ddca4] error at io\qameta\allure\aspects\AttachmentsAspects.java::0 the @annotation pointcut expression is only supported at Java 5 compliance level or above
Nov 23, 2020 10:39:49 PM org.openqa.selenium.remote.DesiredCapabilities chrome
INFO: Using `new ChromeOptions()` is preferred to `DesiredCapabilities.chrome()`
]]></system-err>
  </testcase>
  <testcase name="I want to login with wrong credentials" classname="I want to test task six" time="0.315">
    <error message="No webdriver is bound to current thread: 1. You need to call open(url) first." type="java.lang.IllegalStateException">java.lang.IllegalStateException: No webdriver is bound to current thread: 1. You need to call open(url) first.
</error>
  </testcase>
</testsuite>